2026-07-04 05:22:52,255 | INFO     | trading_bot | Placing order: {'symbol': 'BTCUSDT', 'side': 'BUY', 'type': 'MARKET', 'quantity': 0.01}
2026-07-04 05:22:52,258 | DEBUG    | trading_bot | REQUEST POST https://testnet.binancefuture.com/fapi/v1/order | params={'symbol': 'BTCUSDT', 'side': 'BUY', 'type': 'MARKET', 'quantity': 0.01, 'timestamp': 1783142572257, 'recvWindow': 5000}
2026-07-04 05:22:52,258 | DEBUG    | trading_bot | RESPONSE (dry-run simulated) | {'orderId': 1783142572258, 'symbol': 'BTCUSDT', 'status': 'FILLED', 'side': 'BUY', 'type': 'MARKET', 'origQty': 0.01, 'executedQty': 0.01, 'avgPrice': '0.0', 'price': '0.0', 'updateTime': 1783142572258, '_simulated': True}
2026-07-04 05:22:52,258 | INFO     | trading_bot | Order response: {'orderId': 1783142572258, 'symbol': 'BTCUSDT', 'status': 'FILLED', 'side': 'BUY', 'type': 'MARKET', 'origQty': 0.01, 'executedQty': 0.01, 'avgPrice': '0.0', 'price': '0.0', 'updateTime': 1783142572258, '_simulated': True}
2026-07-04 05:23:02,589 | INFO     | trading_bot | Placing order: {'symbol': 'BTCUSDT', 'side': 'SELL', 'type': 'LIMIT', 'quantity': 0.01, 'price': 60000.0, 'timeInForce': 'GTC'}
2026-07-04 05:23:02,590 | DEBUG    | trading_bot | REQUEST POST https://testnet.binancefuture.com/fapi/v1/order | params={'symbol': 'BTCUSDT', 'side': 'SELL', 'type': 'LIMIT', 'quantity': 0.01, 'price': 60000.0, 'timeInForce': 'GTC', 'timestamp': 1783142582590, 'recvWindow': 5000}
2026-07-04 05:23:02,590 | DEBUG    | trading_bot | RESPONSE (dry-run simulated) | {'orderId': 1783142582590, 'symbol': 'BTCUSDT', 'status': 'NEW', 'side': 'SELL', 'type': 'LIMIT', 'origQty': 0.01, 'executedQty': '0', 'avgPrice': '0.0', 'price': 60000.0, 'updateTime': 1783142582590, '_simulated': True}
2026-07-04 05:23:02,590 | INFO     | trading_bot | Order response: {'orderId': 1783142582590, 'symbol': 'BTCUSDT', 'status': 'NEW', 'side': 'SELL', 'type': 'LIMIT', 'origQty': 0.01, 'executedQty': '0', 'avgPrice': '0.0', 'price': 60000.0, 'updateTime': 1783142582590, '_simulated': True}
2026-07-04 05:23:02,764 | INFO     | trading_bot | Placing order: {'symbol': 'BTCUSDT', 'side': 'BUY', 'type': 'STOP', 'quantity': 0.01, 'price': 61000.0, 'stopPrice': 60800.0, 'timeInForce': 'GTC'}
2026-07-04 05:23:02,765 | DEBUG    | trading_bot | REQUEST POST https://testnet.binancefuture.com/fapi/v1/order | params={'symbol': 'BTCUSDT', 'side': 'BUY', 'type': 'STOP', 'quantity': 0.01, 'price': 61000.0, 'stopPrice': 60800.0, 'timeInForce': 'GTC', 'timestamp': 1783142582765, 'recvWindow': 5000}
2026-07-04 05:23:02,765 | DEBUG    | trading_bot | RESPONSE (dry-run simulated) | {'orderId': 1783142582765, 'symbol': 'BTCUSDT', 'status': 'NEW', 'side': 'BUY', 'type': 'STOP', 'origQty': 0.01, 'executedQty': '0', 'avgPrice': '0.0', 'price': 61000.0, 'updateTime': 1783142582765, '_simulated': True}
2026-07-04 05:23:02,765 | INFO     | trading_bot | Order response: {'orderId': 1783142582765, 'symbol': 'BTCUSDT', 'status': 'NEW', 'side': 'BUY', 'type': 'STOP', 'origQty': 0.01, 'executedQty': '0', 'avgPrice': '0.0', 'price': 61000.0, 'updateTime': 1783142582765, '_simulated': True}
2026-07-04 05:23:02,940 | ERROR    | trading_bot | Input validation failed: Quantity must be greater than 0, got -5.0
2026-07-04 11:25:13,348 | INFO     | trading_bot | Placing order: {'symbol': 'BTCUSDT', 'side': 'BUY', 'type': 'MARKET', 'quantity': 0.01}
2026-07-04 11:25:13,349 | DEBUG    | trading_bot | REQUEST POST https://testnet.binancefuture.com/fapi/v1/order | params={'symbol': 'BTCUSDT', 'side': 'BUY', 'type': 'MARKET', 'quantity': 0.01, 'timestamp': 1783144513348, 'recvWindow': 5000}
2026-07-04 11:25:14,319 | ERROR    | trading_bot | RESPONSE ERROR 400 | {'code': -1021, 'msg': "Timestamp for this request was 1000ms ahead of the server's time."}
2026-07-04 11:25:14,319 | ERROR    | trading_bot | Order REJECTED by API: Timestamp for this request was 1000ms ahead of the server's time. | payload={'code': -1021, 'msg': "Timestamp for this request was 1000ms ahead of the server's time."}
2026-07-04 11:29:03,678 | DEBUG    | trading_bot | REQUEST GET https://testnet.binancefuture.com/fapi/v1/time | params={}
2026-07-04 11:29:04,665 | DEBUG    | trading_bot | RESPONSE 200 | {'serverTime': 1783144738959}
2026-07-04 11:29:04,665 | DEBUG    | trading_bot | Time sync: offset=-5706ms
2026-07-04 11:29:04,665 | INFO     | trading_bot | Placing order: {'symbol': 'BTCUSDT', 'side': 'BUY', 'type': 'MARKET', 'quantity': 0.01}
2026-07-04 11:29:04,674 | DEBUG    | trading_bot | REQUEST POST https://testnet.binancefuture.com/fapi/v1/order | params={'symbol': 'BTCUSDT', 'side': 'BUY', 'type': 'MARKET', 'quantity': 0.01, 'timestamp': 1783144738968, 'recvWindow': 5000}
2026-07-04 11:29:04,874 | DEBUG    | trading_bot | RESPONSE 200 | {'orderId': 18885962569, 'symbol': 'BTCUSDT', 'status': 'NEW', 'clientOrderId': 'y8HxBLCVzo08SXS1MwcAU7', 'price': '0.00', 'origQty': '0.0100', 'executedQty': '0.0000', 'cumQty': '0.0000', 'timeInForce': 'GTC', 'type': 'MARKET', 'reduceOnly': False, 'closePosition': False, 'side': 'BUY', 'positionSide': 'BOTH', 'stopPrice': '0.00', 'workingType': 'CONTRACT_PRICE', 'priceProtect': False, 'origType': 'MARKET', 'priceMatch': 'NONE', 'selfTradePreventionMode': 'EXPIRE_MAKER', 'goodTillDate': 0, 'updateTime': 1783144739180}
2026-07-04 11:29:04,874 | INFO     | trading_bot | Order response: {'orderId': 18885962569, 'symbol': 'BTCUSDT', 'status': 'NEW', 'clientOrderId': 'y8HxBLCVzo08SXS1MwcAU7', 'price': '0.00', 'origQty': '0.0100', 'executedQty': '0.0000', 'cumQty': '0.0000', 'timeInForce': 'GTC', 'type': 'MARKET', 'reduceOnly': False, 'closePosition': False, 'side': 'BUY', 'positionSide': 'BOTH', 'stopPrice': '0.00', 'workingType': 'CONTRACT_PRICE', 'priceProtect': False, 'origType': 'MARKET', 'priceMatch': 'NONE', 'selfTradePreventionMode': 'EXPIRE_MAKER', 'goodTillDate': 0, 'updateTime': 1783144739180}
2026-07-04 11:32:38,828 | DEBUG    | trading_bot | REQUEST GET https://testnet.binancefuture.com/fapi/v1/time | params={}
2026-07-04 11:32:39,728 | DEBUG    | trading_bot | RESPONSE 200 | {'serverTime': 1783144954040}
2026-07-04 11:32:39,728 | DEBUG    | trading_bot | Time sync: offset=-5688ms
2026-07-04 11:32:39,744 | INFO     | trading_bot | Placing order: {'symbol': 'BTCUSDT', 'side': 'SELL', 'type': 'LIMIT', 'quantity': 0.01, 'price': 60000.0, 'timeInForce': 'GTC'}
2026-07-04 11:32:39,744 | DEBUG    | trading_bot | REQUEST POST https://testnet.binancefuture.com/fapi/v1/order | params={'symbol': 'BTCUSDT', 'side': 'SELL', 'type': 'LIMIT', 'quantity': 0.01, 'price': 60000.0, 'timeInForce': 'GTC', 'timestamp': 1783144954056, 'recvWindow': 5000}
2026-07-04 11:32:39,954 | DEBUG    | trading_bot | RESPONSE 200 | {'orderId': 18886531534, 'symbol': 'BTCUSDT', 'status': 'NEW', 'clientOrderId': 'UsqDnM0IZdtDrbUHsmGLn2', 'price': '60000.00', 'origQty': '0.0100', 'executedQty': '0.0000', 'cumQty': '0.0000', 'timeInForce': 'GTC', 'type': 'LIMIT', 'reduceOnly': False, 'closePosition': False, 'side': 'SELL', 'positionSide': 'BOTH', 'stopPrice': '0.00', 'workingType': 'CONTRACT_PRICE', 'priceProtect': False, 'origType': 'LIMIT', 'priceMatch': 'NONE', 'selfTradePreventionMode': 'EXPIRE_MAKER', 'goodTillDate': 0, 'updateTime': 1783144954252}
2026-07-04 11:32:39,954 | INFO     | trading_bot | Order response: {'orderId': 18886531534, 'symbol': 'BTCUSDT', 'status': 'NEW', 'clientOrderId': 'UsqDnM0IZdtDrbUHsmGLn2', 'price': '60000.00', 'origQty': '0.0100', 'executedQty': '0.0000', 'cumQty': '0.0000', 'timeInForce': 'GTC', 'type': 'LIMIT', 'reduceOnly': False, 'closePosition': False, 'side': 'SELL', 'positionSide': 'BOTH', 'stopPrice': '0.00', 'workingType': 'CONTRACT_PRICE', 'priceProtect': False, 'origType': 'LIMIT', 'priceMatch': 'NONE', 'selfTradePreventionMode': 'EXPIRE_MAKER', 'goodTillDate': 0, 'updateTime': 1783144954252}
2026-07-04 11:38:23,722 | DEBUG    | trading_bot | REQUEST GET https://testnet.binancefuture.com/fapi/v1/time | params={}
2026-07-04 11:38:24,576 | DEBUG    | trading_bot | RESPONSE 200 | {'serverTime': 1783145298867}
2026-07-04 11:38:24,577 | DEBUG    | trading_bot | Time sync: offset=-5710ms
2026-07-04 11:38:24,577 | INFO     | trading_bot | Placing order: {'symbol': 'BTCUSDT', 'side': 'BUY', 'type': 'STOP', 'quantity': 0.01, 'price': 61000.0, 'stopPrice': 60800.0, 'timeInForce': 'GTC'}
2026-07-04 11:38:24,578 | DEBUG    | trading_bot | REQUEST POST https://testnet.binancefuture.com/fapi/v1/order | params={'symbol': 'BTCUSDT', 'side': 'BUY', 'type': 'STOP', 'quantity': 0.01, 'price': 61000.0, 'stopPrice': 60800.0, 'timeInForce': 'GTC', 'timestamp': 1783145298868, 'recvWindow': 5000}
2026-07-04 11:38:24,769 | ERROR    | trading_bot | RESPONSE ERROR 400 | {'code': -4120, 'msg': 'Order type not supported for this endpoint. Please use the Algo Order API endpoints instead.'}
2026-07-04 11:38:24,769 | ERROR    | trading_bot | Order REJECTED by API: Order type not supported for this endpoint. Please use the Algo Order API endpoints instead. | payload={'code': -4120, 'msg': 'Order type not supported for this endpoint. Please use the Algo Order API endpoints instead.'}
2026-07-04 11:39:07,520 | DEBUG    | trading_bot | REQUEST GET https://testnet.binancefuture.com/fapi/v1/time | params={}
2026-07-04 11:39:08,450 | DEBUG    | trading_bot | RESPONSE 200 | {'serverTime': 1783145342736}
2026-07-04 11:39:08,450 | DEBUG    | trading_bot | Time sync: offset=-5714ms
2026-07-04 11:39:08,450 | INFO     | trading_bot | Placing order: {'symbol': 'BTCUSDT', 'side': 'SELL', 'type': 'LIMIT', 'quantity': 0.01, 'price': 60000.0, 'timeInForce': 'GTC'}
2026-07-04 11:39:08,452 | DEBUG    | trading_bot | REQUEST POST https://testnet.binancefuture.com/fapi/v1/order | params={'symbol': 'BTCUSDT', 'side': 'SELL', 'type': 'LIMIT', 'quantity': 0.01, 'price': 60000.0, 'timeInForce': 'GTC', 'timestamp': 1783145342738, 'recvWindow': 5000}
2026-07-04 11:39:08,636 | DEBUG    | trading_bot | RESPONSE 200 | {'orderId': 18887614795, 'symbol': 'BTCUSDT', 'status': 'NEW', 'clientOrderId': '8JQdyzo0p0Lc3GdsNd0QqQ', 'price': '60000.00', 'origQty': '0.0100', 'executedQty': '0.0000', 'cumQty': '0.0000', 'timeInForce': 'GTC', 'type': 'LIMIT', 'reduceOnly': False, 'closePosition': False, 'side': 'SELL', 'positionSide': 'BOTH', 'stopPrice': '0.00', 'workingType': 'CONTRACT_PRICE', 'priceProtect': False, 'origType': 'LIMIT', 'priceMatch': 'NONE', 'selfTradePreventionMode': 'EXPIRE_MAKER', 'goodTillDate': 0, 'updateTime': 1783145342934}
2026-07-04 11:39:08,636 | INFO     | trading_bot | Order response: {'orderId': 18887614795, 'symbol': 'BTCUSDT', 'status': 'NEW', 'clientOrderId': '8JQdyzo0p0Lc3GdsNd0QqQ', 'price': '60000.00', 'origQty': '0.0100', 'executedQty': '0.0000', 'cumQty': '0.0000', 'timeInForce': 'GTC', 'type': 'LIMIT', 'reduceOnly': False, 'closePosition': False, 'side': 'SELL', 'positionSide': 'BOTH', 'stopPrice': '0.00', 'workingType': 'CONTRACT_PRICE', 'priceProtect': False, 'origType': 'LIMIT', 'priceMatch': 'NONE', 'selfTradePreventionMode': 'EXPIRE_MAKER', 'goodTillDate': 0, 'updateTime': 1783145342934}
